ONCVPSP  (Optimized Norm-Conservinng Vanderbilt PSeudopotential)
relativistic version 4.0.1 06/04/2019


While it is not required under the terms of the GNU GPL, it is
suggested that you cite D. R. Hamann, Phys. Rev. B 88, 085117 (2013)
in any publication utilizing these pseudopotentials.


LXC   Exchange
LXC     Slater exchange (LDA)
LXC     [1] P. A. M. Dirac, Math. Proc. Cambridge Philos. Soc. 26, 376 (1930)
LXC     [2] F. Bloch, Z. Phys. 57, 545 (1929)
LXC   Correlation
LXC     Perdew & Wang (LDA)
LXC     [1] J. P. Perdew and Y. Wang, Phys. Rev. B 45, 13244 (1992)

# ATOM AND REFERENCE CONFIGURATION
# atsym  z   nc   nv     iexc    psfile
  As 33.00    5    3   -1012      both
#
#   n    l    f        energy (Ha)
    1    0    2.00    -4.2978652D+02
    2    0    2.00    -5.4525046D+01
    2    1    6.00    -4.7424589D+01    -4.8765492D+01
    3    0    2.00    -6.9615482D+00
    3    1    6.00    -4.8411878D+00    -5.0262451D+00
    3    2   10.00    -1.4916654D+00    -1.5185060D+00
    4    0    2.00    -5.4007234D-01
    4    1    3.00    -1.9292557D-01    -2.0330526D-01
#
# PSEUDOPOTENTIAL AND OPTIMIZATION
# lmax
    2
#
#   l,   rc,      ep,       ncon, nbas, qcut
    0   1.75000   0.00000    4    7   5.00000
    1   1.60000   0.00000    4    8   6.60000
    2   1.80000   0.00000    4    7   9.00000
#
# LOCAL POTENTIAL
# lloc, lpopt,  rc(5),   dvloc0
    4    5   1.60000      0.00000
#
# VANDERBILT-KLEINMAN-BYLANDER PROJECTORs
# l, nproj, debl
    0    2   4.70000
    1    2   5.20000
    2    2   2.50000
#
# MODEL CORE CHARGE
# icmod, fcfact, rcfact
    3   5.00000   1.40000
#
# LOG DERIVATIVE ANALYSIS
# epsh1, epsh2, depsh
  -12.00   12.00    0.02
#
# OUTPUT GRID
# rlmax, drl
  6.0000  0.0100
#
# TEST CONFIGURATIONS
# ncnf
    0
# nvcnf
#   n    l    f


Reference configufation results
  iterations    23
  all-electron total energy (Ha)   -2.25787465D+03

Begin loop to  construct optimized pseudo wave functions
and semi-local pseudopoentials for all angular momenta

   Wellstate for l =  0  n =  7 kap= -1
     eigenvalue =   4.1599
     asymptotic potential =   4.6599
     half-point radius =  3.6220

Calculating optimized projector #   1

 for l=   0

    Constraint consistency test
      pswf0 val/der aewf val/der     diff
        0.45013431    0.45013431   -5.61D-14
       -0.34533429   -0.34533429   -2.39D-15
       -0.09961533   -0.09961533    1.01D-13
        1.52391976    1.52391976    4.58D-13

    Fraction of norm inside rc  0.452753
    Optimizing pswf for qcut=   4.99 a_B^-1,  ecut=  12.46 Ha
    q_infinity defining residual KE= 20.00  (E_inf=  200.0 Ha)
    Residual kinetic energy error=  1.51D-04 Ha
 ERROR pspot:  first pseudo wave function has node,          program will stop
 ERROR pspot: try changing psp parameters for this l
