ONCVPSP  (Optimized Norm-Conservinng Vanderbilt PSeudopotential)
scalar-relativistic version 4.0.1 06/04/2019


While it is not required under the terms of the GNU GPL, it is
suggested that you cite D. R. Hamann, Phys. Rev. B 88, 085117 (2013)
in any publication utilizing these pseudopotentials.


# ATOM AND REFERENCE CONFIGURATION
# atsym  z   nc   nv     iexc    psfile
  As 33.00    5    3       3      both
#
#   n    l    f        energy (Ha)
    1    0    2.00    -4.2992288E+02
    2    0    2.00    -5.4548637E+01
    2    1    6.00    -4.7883678E+01
    3    0    2.00    -6.9639073E+00
    3    1    6.00    -4.9028388E+00
    3    2   10.00    -1.5028075E+00
    4    0    2.00    -5.4031407E-01
    4    1    3.00    -1.9651618E-01
#
# PSEUDOPOTENTIAL AND OPTIMIZATION
# lmax
    2
#
#   l,   rc,      ep,       ncon, nbas, qcut
    0   1.75000   0.00000    4    7   5.00000
    1   1.60000   0.00000    4    8   6.60000
    2   1.80000   0.00000    4    7   9.00000
#
# LOCAL POTENTIAL
# lloc, lpopt,  rc(5),   dvloc0
    4    5   1.60000      0.00000
#
# VANDERBILT-KLEINMAN-BYLANDER PROJECTORs
# l, nproj, debl
    0    2   4.70000
    1    2   5.20000
    2    2   2.50000
#
# MODEL CORE CHARGE
# icmod, fcfact, rcfact
    3   5.00000   1.40000
#
# LOG DERIVATIVE ANALYSIS
# epsh1, epsh2, depsh
  -12.00   12.00    0.02
#
# OUTPUT GRID
# rlmax, drl
  6.0000  0.0100
#
# TEST CONFIGURATIONS
# ncnf
    0
# nvcnf
#   n    l    f


Reference configufation results
  iterations    23
  all-electron total energy (Ha)   -2.25775089D+03

Begin loop to  construct optimized pseudo wave functions
and semi-local pseudopoentials for all angular momenta

   Wellstate for l =  0  n =  7
     eigenvalue =   4.1597
     asymptotic potential =   4.6597
     half-point radius =  3.6220

Calculating optimized projector #   1

 for l=   0

    Constraint consistency test
      pswf0 val/der aewf val/der     diff
        0.45011292    0.45011292   -2.20D-13
       -0.34530717   -0.34530717   -1.49D-14
       -0.09945286   -0.09945286    6.51D-15
        1.52285814    1.52285814   -2.37D-13

    Fraction of norm inside rc  0.452757
    Optimizing pswf for qcut=   4.99 a_B^-1,  ecut=  12.46 Ha
    q_infinity defining residual KE= 20.00  (E_inf=  200.0 Ha)
    Residual kinetic energy error=  1.51D-04 Ha
 ERROR pspot:  first pseudo wave function has node,          program will stop
 ERROR pspot: try changing psp parameters for this l
